CityGMLToGLTFConverter -eoh -a -t -crs EPSG:3879 -ct ROTATE -b -lod 2 -i -m abc -l DEBUG -c 0.1 -d 0.9 -s 4096 -sa CITYMODEL -ba SEMANTICOBJECT -cn B:\Test\hack\CityGML\Buildings.gml B:\Test\hack\CityGML\Buildings.b3dm 

INFO - CityGMLToGLTFConverter processing 1 input file(s)
INFO - CityGMLToGLTFConverter processing B:\Test\hack\CityGML\Buildings.gml
DEBUG - CityGMLToGLTFConverter.convertCityModel
DEBUG - CityGMLLoader.loadGlobalAppearanceInfo
DEBUG - CityGMLLoader.loadGlobalAppearanceInfo numAppearanceMembers 1
DEBUG - CityGMLLoader.loadGlobalAppearanceInfo numSurfaceDataProperties 4
DEBUG - CityGMLToGLTFConverter.convertCityModel done collecting appearance info
DEBUG - CityGMLToGLTFConverter.convertCityModel
XXXXXXXXXXXXXX static VU *******
3D [dev] 1.5.3-pre3-1104011042-experimental 01 Apr 2011 10:42:52 MESZ
MasterControl Ding3d.rend jogl

Initializing 3D runtime system:
    version = 1.5.3-pre3-1104011042-experimental 01 Apr 2011 10:42:52 MESZ
    vendor = 
    specification.version = 1.5
    specification.vendor = 

createPipeline javax.media.ding3d.JoglPipeline
setPipelineType JOGL
3D system initialized
    rendering pipeline = JOGL

subId == null
DEBUG - CityGMLToGLTFConverter convertCityModelGroup model lon lat: 0.43326304158499357 1.050434297717204
INFO - CityGMLToGLTFConverter.convertCityModel maxBatchId 0
INFO - CityGMLToGLTFConverter.convertCityModel numBatches 1
INFO - CityGMLToGLTFConverter finished in 5s.
Total time: 5.672
